Using pre-set license
Built from '2020.3/staging' branch; Version is '2020.3.16f1 (049d6eca3c44) revision 302446'; Using compiler version '192528614'; Build Type 'Release'
OS: 'Windows 10 Home Single Language; OS build 19043.1415; Version 2009; 64bit' Language: 'ru' Physical Memory: 16322 MB
BatchMode: 1, IsHumanControllingUs: 0, StartBugReporterOnCrash: 0, Is64bit: 1, IsPro: 0

 COMMAND LINE ARGUMENTS:
C:\Program Files\Unity\Hub\Editor\2020.3.16f1\Editor\Unity.exe
-adb2
-batchMode
-noUpm
-name
AssetImportWorker0
-projectPath
C:/GitHub/sold/Sold
-logFile
Logs/AssetImportWorker0.log
-srvPort
63250
Successfully changed project path to: C:/GitHub/sold/Sold
C:/GitHub/sold/Sold
Using Asset Import Pipeline V2.
Refreshing native plugins compatible for Editor in 46.57 ms, found 2 plugins.
Preloading 0 native plugins for Editor in 0.00 ms.
Initialize engine version: 2020.3.16f1 (049d6eca3c44)
[Subsystems] Discovering subsystems at path C:/Program Files/Unity/Hub/Editor/2020.3.16f1/Editor/Data/Resources/UnitySubsystems
[Subsystems] Discovering subsystems at path C:/GitHub/sold/Sold/Assets
GfxDevice: creating device client; threaded=0
Direct3D:
    Version:  Direct3D 11.0 [level 11.1]
    Renderer: NVIDIA GeForce GTX 1660 (ID=0x2184)
    Vendor:   
    VRAM:     5991 MB
    Driver:   27.21.14.5671
Initialize mono
Mono path[0] = 'C:/Program Files/Unity/Hub/Editor/2020.3.16f1/Editor/Data/Managed'
Mono path[1] = 'C:/Program Files/Unity/Hub/Editor/2020.3.16f1/Editor/Data/MonoBleedingEdge/lib/mono/unityjit'
Mono config path = 'C:/Program Files/Unity/Hub/Editor/2020.3.16f1/Editor/Data/MonoBleedingEdge/etc'
Using monoOptions --debugger-agent=transport=dt_socket,embedding=1,server=y,suspend=n,address=127.0.0.1:56780
Begin MonoManager ReloadAssembly
Registering precompiled unity dll's ...
Register platform support module: C:/Program Files/Unity/Hub/Editor/2020.3.16f1/Editor/Data/PlaybackEngines/WebGLSupport/UnityEditor.WebGL.Extensions.dll
Register platform support module: C:/Program Files/Unity/Hub/Editor/2020.3.16f1/Editor/Data/PlaybackEngines/WindowsStandaloneSupport/UnityEditor.WindowsStandalone.Extensions.dll
Registered in 0.002418 seconds.
Native extension for WindowsStandalone target not found
Native extension for WebGL target not found
Refreshing native plugins compatible for Editor in 43.07 ms, found 2 plugins.
Preloading 0 native plugins for Editor in 0.00 ms.
Mono: successfully reloaded assembly
- Completed reload, in  1.122 seconds
Domain Reload Profiling:
	ReloadAssembly (1122ms)
		BeginReloadAssembly (49ms)
			ExecutionOrderSort (0ms)
			DisableScriptedObjects (0ms)
			BackupInstance (0ms)
			ReleaseScriptingObjects (0ms)
			CreateAndSetChildDomain (1ms)
		EndReloadAssembly (384ms)
			LoadAssemblies (47ms)
			RebuildTransferFunctionScriptingTraits (0ms)
			SetupTypeCache (137ms)
			ReleaseScriptCaches (0ms)
			RebuildScriptCaches (27ms)
			SetupLoadedEditorAssemblies (154ms)
				LogAssemblyErrors (0ms)
				InitializePlatformSupportModulesInManaged (4ms)
				SetLoadedEditorAssemblies (0ms)
				RefreshPlugins (43ms)
				BeforeProcessingInitializeOnLoad (15ms)
				ProcessInitializeOnLoadAttributes (67ms)
				ProcessInitializeOnLoadMethodAttributes (25ms)
				AfterProcessingInitializeOnLoad (0ms)
				EditorAssembliesLoaded (0ms)
			ExecutionOrderSort2 (0ms)
			AwakeInstancesAfterBackupRestoration (0ms)
Platform modules already initialized, skipping
Registering precompiled user dll's ...
Registered in 0.008436 seconds.
Begin MonoManager ReloadAssembly
Native extension for WindowsStandalone target not found
Native extension for WebGL target not found
Refreshing native plugins compatible for Editor in 43.62 ms, found 2 plugins.
Preloading 0 native plugins for Editor in 0.00 ms.
Mono: successfully reloaded assembly
- Completed reload, in  1.552 seconds
Domain Reload Profiling:
	ReloadAssembly (1552ms)
		BeginReloadAssembly (132ms)
			ExecutionOrderSort (0ms)
			DisableScriptedObjects (4ms)
			BackupInstance (0ms)
			ReleaseScriptingObjects (0ms)
			CreateAndSetChildDomain (17ms)
		EndReloadAssembly (1361ms)
			LoadAssemblies (84ms)
			RebuildTransferFunctionScriptingTraits (0ms)
			SetupTypeCache (290ms)
			ReleaseScriptCaches (0ms)
			RebuildScriptCaches (44ms)
			SetupLoadedEditorAssemblies (831ms)
				LogAssemblyErrors (0ms)
				InitializePlatformSupportModulesInManaged (4ms)
				SetLoadedEditorAssemblies (0ms)
				RefreshPlugins (44ms)
				BeforeProcessingInitializeOnLoad (71ms)
				ProcessInitializeOnLoadAttributes (697ms)
				ProcessInitializeOnLoadMethodAttributes (8ms)
				AfterProcessingInitializeOnLoad (6ms)
				EditorAssembliesLoaded (0ms)
			ExecutionOrderSort2 (0ms)
			AwakeInstancesAfterBackupRestoration (5ms)
Platform modules already initialized, skipping
========================================================================
Worker process is ready to serve import requests
Launched and connected shader compiler UnityShaderCompiler.exe after 0.07 seconds
Refreshing native plugins compatible for Editor in 0.50 ms, found 2 plugins.
Preloading 0 native plugins for Editor in 0.00 ms.
Unloading 2362 Unused Serialized files (Serialized files now loaded: 0)
System memory in use before: 186.2 MB.
System memory in use after: 186.4 MB.

Unloading 34 unused Assets to reduce memory usage. Loaded Objects now: 2799.
Total: 3.283700 ms (FindLiveObjects: 0.219400 ms CreateObjectMapping: 0.110100 ms MarkObjects: 2.886900 ms  DeleteObjects: 0.066400 ms)

AssetImportParameters requested are different than current active one (requested -> active):
  custom:framework-win-MediaFoundation: 216162199b28c13a410421893ffa2e32 -> 
  custom:video-decoder-ogg-theora: a1e56fd34408186e4bbccfd4996cb3dc -> 
  custom:container-muxer-webm: aa71ff27fc2769a1b78a27578f13a17b -> 
  custom:container-demuxer-webm: 4f35f7cbe854078d1ac9338744f61a02 -> 
  custom:container-demuxer-ogg: 62fdf1f143b41e24485cea50d1cbac27 -> 
  custom:video-encoder-webm-vp8: eb34c28f22e8b96e1ab97ce403110664 -> 
  custom:video-decoder-webm-vp8: 9c59270c3fd7afecdb556c50c9e8de78 -> 
  custom:audio-decoder-ogg-vorbis: bf7c407c2cedff20999df2af8eb42d56 -> 
  custom:audio-encoder-webm-vorbis: bf7c407c2cedff20999df2af8eb42d56 -> 
========================================================================
Received Import Request.
  path: Assets/Infima Games/Low Poly Shooter Pack - Free Sample/Animators/Character
  artifactKey: Guid(88df32d6f63c920498d55fd71cd94579) Importer(815301076,1909f56bfc062723c751e8b465ee728b)
Start importing Assets/Infima Games/Low Poly Shooter Pack - Free Sample/Animators/Character using Guid(88df32d6f63c920498d55fd71cd94579) Importer(815301076,1909f56bfc062723c751e8b465ee728b)  -> (artifact id: '6f75f54814429d459d992b42aed82857') in 0.008982 seconds 
  Import took 0.012158 seconds .

========================================================================
Received Import Request.
  Time since last request: 0.000190 seconds.
  path: Assets/Infima Games/Low Poly Shooter Pack - Free Sample/Animators/Character/OC_LPSP_PCH_Handgun_03.overrideController
  artifactKey: Guid(257eac322a7afde43bfa9aa9e60baa84) Importer(815301076,1909f56bfc062723c751e8b465ee728b)
Start importing Assets/Infima Games/Low Poly Shooter Pack - Free Sample/Animators/Character/OC_LPSP_PCH_Handgun_03.overrideController using Guid(257eac322a7afde43bfa9aa9e60baa84) Importer(815301076,1909f56bfc062723c751e8b465ee728b)  -> (artifact id: '6fe1fe3e9afd42e38a4d5e3433483a54') in 2.524096 seconds 
  Import took 2.532830 seconds .

========================================================================
Received Import Request.
  Time since last request: 0.000258 seconds.
  path: Assets/Infima Games/Low Poly Shooter Pack - Free Sample/Animators/Weapons/OC_LPSP_WEP_AR_01.overrideController
  artifactKey: Guid(290925d56c590904889ea4825dd212b8) Importer(815301076,1909f56bfc062723c751e8b465ee728b)
Start importing Assets/Infima Games/Low Poly Shooter Pack - Free Sample/Animators/Weapons/OC_LPSP_WEP_AR_01.overrideController using Guid(290925d56c590904889ea4825dd212b8) Importer(815301076,1909f56bfc062723c751e8b465ee728b)  -> (artifact id: '111062c283e5fb162775f7e2ade32706') in 0.011857 seconds 
  Import took 0.015735 seconds .

========================================================================
Received Import Request.
  Time since last request: 0.000256 seconds.
  path: Assets/Infima Games/Low Poly Shooter Pack - Free Sample/Animators
  artifactKey: Guid(3d16b0be76a52224ebfec7278b802b8a) Importer(815301076,1909f56bfc062723c751e8b465ee728b)
Start importing Assets/Infima Games/Low Poly Shooter Pack - Free Sample/Animators using Guid(3d16b0be76a52224ebfec7278b802b8a) Importer(815301076,1909f56bfc062723c751e8b465ee728b)  -> (artifact id: 'f0b7ceb11c080a3e79e0926b67d0b9ea') in 0.006033 seconds 
  Import took 0.010173 seconds .

========================================================================
Received Import Request.
  Time since last request: 0.000239 seconds.
  path: Assets/Infima Games/Low Poly Shooter Pack - Free Sample/Animators/Character/OC_LPSP_PCH_AR_01.overrideController
  artifactKey: Guid(1288116e5192cd84b808721e453eb7e7) Importer(815301076,1909f56bfc062723c751e8b465ee728b)
Start importing Assets/Infima Games/Low Poly Shooter Pack - Free Sample/Animators/Character/OC_LPSP_PCH_AR_01.overrideController using Guid(1288116e5192cd84b808721e453eb7e7) Importer(815301076,1909f56bfc062723c751e8b465ee728b)  -> (artifact id: '1e875033ce5706879147c091bce1df24') in 1.872186 seconds 
  Import took 1.879380 seconds .

========================================================================
Received Import Request.
  Time since last request: 0.000269 seconds.
  path: Assets/Infima Games/Low Poly Shooter Pack - Free Sample/Animators/Weapons
  artifactKey: Guid(b563b52fcbc33b44a9fc643b12659af6) Importer(815301076,1909f56bfc062723c751e8b465ee728b)
Start importing Assets/Infima Games/Low Poly Shooter Pack - Free Sample/Animators/Weapons using Guid(b563b52fcbc33b44a9fc643b12659af6) Importer(815301076,1909f56bfc062723c751e8b465ee728b)  -> (artifact id: '5e5455661d3b69691c2b24e3549db56d') in 0.005219 seconds 
  Import took 0.008290 seconds .

========================================================================
Received Import Request.
  Time since last request: 0.000247 seconds.
  path: Assets/Infima Games/Low Poly Shooter Pack - Free Sample/Animators/Weapons/OC_LPSP_WEP_Handgun_03.overrideController
  artifactKey: Guid(d0f061f165597314d870681ebaff4ca9) Importer(815301076,1909f56bfc062723c751e8b465ee728b)
Start importing Assets/Infima Games/Low Poly Shooter Pack - Free Sample/Animators/Weapons/OC_LPSP_WEP_Handgun_03.overrideController using Guid(d0f061f165597314d870681ebaff4ca9) Importer(815301076,1909f56bfc062723c751e8b465ee728b)  -> (artifact id: 'f75d39ecef1eb56e92ea25dee0767246') in 0.009664 seconds 
  Import took 0.012699 seconds .

========================================================================
Received Import Request.
  Time since last request: 25.032376 seconds.
  path: Assets/Infima Games/Low Poly Shooter Pack - Free Sample/Animators/Character/AC_LPSP_PCH.controller
  artifactKey: Guid(027ae8cddc85a484fa5fd415d19d7a8e) Importer(815301076,1909f56bfc062723c751e8b465ee728b)
Start importing Assets/Infima Games/Low Poly Shooter Pack - Free Sample/Animators/Character/AC_LPSP_PCH.controller using Guid(027ae8cddc85a484fa5fd415d19d7a8e) Importer(815301076,1909f56bfc062723c751e8b465ee728b)  -> (artifact id: 'c2735a0eacb3af3a7bb1fda751349fdb') in 1.837244 seconds 
  Import took 1.844799 seconds .

========================================================================
Received Import Request.
  Time since last request: 41.766192 seconds.
  path: Assets/Infima Games/Low Poly Shooter Pack - Free Sample/Art
  artifactKey: Guid(978fdbbcf6b88ac48954ea60a28995ea) Importer(815301076,1909f56bfc062723c751e8b465ee728b)
Start importing Assets/Infima Games/Low Poly Shooter Pack - Free Sample/Art using Guid(978fdbbcf6b88ac48954ea60a28995ea) Importer(815301076,1909f56bfc062723c751e8b465ee728b)  -> (artifact id: 'd6f9e9b2c98c845579cc13a59b5b6b06') in 0.007784 seconds 
  Import took 0.011591 seconds .

========================================================================
Received Import Request.
  Time since last request: 2.030214 seconds.
  path: Assets/Infima Games/Low Poly Shooter Pack - Free Sample/Art/Animations
  artifactKey: Guid(8f5dbc3d7e3020848af6e4e911e0ffa8) Importer(815301076,1909f56bfc062723c751e8b465ee728b)
Start importing Assets/Infima Games/Low Poly Shooter Pack - Free Sample/Art/Animations using Guid(8f5dbc3d7e3020848af6e4e911e0ffa8) Importer(815301076,1909f56bfc062723c751e8b465ee728b)  -> (artifact id: 'e4b4b1fb4e9a16718903aa4829c14ad6') in 0.007482 seconds 
  Import took 0.010715 seconds .

========================================================================
Received Import Request.
  Time since last request: 1.685190 seconds.
  path: Assets/Infima Games/Low Poly Shooter Pack - Free Sample/Art/Animations/Character
  artifactKey: Guid(7d110c07c27891744be388fb8c9fd3ad) Importer(815301076,1909f56bfc062723c751e8b465ee728b)
Start importing Assets/Infima Games/Low Poly Shooter Pack - Free Sample/Art/Animations/Character using Guid(7d110c07c27891744be388fb8c9fd3ad) Importer(815301076,1909f56bfc062723c751e8b465ee728b)  -> (artifact id: '624407c98f8bd4d69aeb57e97152635b') in 0.002888 seconds 
  Import took 0.006695 seconds .

========================================================================
Received Import Request.
  Time since last request: 1.481990 seconds.
  path: Assets/Infima Games/Low Poly Shooter Pack - Free Sample/Art/Animations/Character/_Common
  artifactKey: Guid(99adb1d029ab76942b8f453ba2ed5b33) Importer(815301076,1909f56bfc062723c751e8b465ee728b)
Start importing Assets/Infima Games/Low Poly Shooter Pack - Free Sample/Art/Animations/Character/_Common using Guid(99adb1d029ab76942b8f453ba2ed5b33) Importer(815301076,1909f56bfc062723c751e8b465ee728b)  -> (artifact id: 'a249b0474cd6813c5f08be0b778acc99') in 0.007190 seconds 
  Import took 0.010768 seconds .

========================================================================
Received Import Request.
  Time since last request: 0.055819 seconds.
  path: Assets/Infima Games/Low Poly Shooter Pack - Free Sample/Art/Animations/Character/_Common/A_FP_PCH_Aim_Idle.fbx
  artifactKey: Guid(08f6dd1ba7528b944847abc00740e80d) Importer(815301076,1909f56bfc062723c751e8b465ee728b)
Start importing Assets/Infima Games/Low Poly Shooter Pack - Free Sample/Art/Animations/Character/_Common/A_FP_PCH_Aim_Idle.fbx using Guid(08f6dd1ba7528b944847abc00740e80d) Importer(815301076,1909f56bfc062723c751e8b465ee728b)  -> (artifact id: 'dddb12f6de2e03cc6223945cad00787b') in 0.312239 seconds 
  Import took 0.316097 seconds .

========================================================================
Received Import Request.
  Time since last request: 0.000245 seconds.
  path: Assets/Infima Games/Low Poly Shooter Pack - Free Sample/Art/Animations/Character/_Common/A_FP_PCH_Aim_Walk_F.fbx
  artifactKey: Guid(d670add7c7092d94e8a19daee4f7160b) Importer(815301076,1909f56bfc062723c751e8b465ee728b)
Start importing Assets/Infima Games/Low Poly Shooter Pack - Free Sample/Art/Animations/Character/_Common/A_FP_PCH_Aim_Walk_F.fbx using Guid(d670add7c7092d94e8a19daee4f7160b) Importer(815301076,1909f56bfc062723c751e8b465ee728b)  -> (artifact id: 'bbea578c894449ae423dbfc4c01e199b') in 0.046468 seconds 
  Import took 0.049797 seconds .

========================================================================
Received Import Request.
  Time since last request: 0.000247 seconds.
  path: Assets/Infima Games/Low Poly Shooter Pack - Free Sample/Art/Animations/Character/_Common/A_FP_PCH_Aim_In_Transition.fbx
  artifactKey: Guid(f39c50a10cfb3fc42b61a61d5a00d00c) Importer(815301076,1909f56bfc062723c751e8b465ee728b)
Start importing Assets/Infima Games/Low Poly Shooter Pack - Free Sample/Art/Animations/Character/_Common/A_FP_PCH_Aim_In_Transition.fbx using Guid(f39c50a10cfb3fc42b61a61d5a00d00c) Importer(815301076,1909f56bfc062723c751e8b465ee728b)  -> (artifact id: 'cb38e9cda8a383446518499714f4b4f4') in 0.037345 seconds 
  Import took 0.040703 seconds .

========================================================================
Received Import Request.
  Time since last request: 0.000235 seconds.
  path: Assets/Infima Games/Low Poly Shooter Pack - Free Sample/Art/Animations/Character/_Common/A_FP_PCH_Run_01.fbx
  artifactKey: Guid(29e0266a1e3d14746a4bb4910fa80f5e) Importer(815301076,1909f56bfc062723c751e8b465ee728b)
Start importing Assets/Infima Games/Low Poly Shooter Pack - Free Sample/Art/Animations/Character/_Common/A_FP_PCH_Run_01.fbx using Guid(29e0266a1e3d14746a4bb4910fa80f5e) Importer(815301076,1909f56bfc062723c751e8b465ee728b)  -> (artifact id: '029e042d639ef5ff7e70386b371eb273') in 0.082641 seconds 
  Import took 0.086353 seconds .

========================================================================
Received Import Request.
  Time since last request: 0.000239 seconds.
  path: Assets/Infima Games/Low Poly Shooter Pack - Free Sample/Art/Animations/Character/_Common/A_FP_PCH_Run_02.fbx
  artifactKey: Guid(7d59e8a31c0143b4da688c141cc5fecb) Importer(815301076,1909f56bfc062723c751e8b465ee728b)
Start importing Assets/Infima Games/Low Poly Shooter Pack - Free Sample/Art/Animations/Character/_Common/A_FP_PCH_Run_02.fbx using Guid(7d59e8a31c0143b4da688c141cc5fecb) Importer(815301076,1909f56bfc062723c751e8b465ee728b)  -> (artifact id: 'd3fd0d67c4a50a8a5775ada958424238') in 0.082674 seconds 
  Import took 0.086423 seconds .

========================================================================
Received Import Request.
  Time since last request: 0.000258 seconds.
  path: Assets/Infima Games/Low Poly Shooter Pack - Free Sample/Art/Animations/Character/_Common/A_FP_PCH_Walk_F.fbx
  artifactKey: Guid(1293ad0e14a81a94c9f958104036fa91) Importer(815301076,1909f56bfc062723c751e8b465ee728b)
Start importing Assets/Infima Games/Low Poly Shooter Pack - Free Sample/Art/Animations/Character/_Common/A_FP_PCH_Walk_F.fbx using Guid(1293ad0e14a81a94c9f958104036fa91) Importer(815301076,1909f56bfc062723c751e8b465ee728b)  -> (artifact id: '796b9afbe09c348c4fd2a9377b5fdc48') in 0.045715 seconds 
  Import took 0.049049 seconds .

========================================================================
Received Import Request.
  Time since last request: 0.000259 seconds.
  path: Assets/Infima Games/Low Poly Shooter Pack - Free Sample/Art/Animations/Character/_Common/A_FP_PCH_Idle.fbx
  artifactKey: Guid(28f784c9020e1c44583b059828f40c47) Importer(815301076,1909f56bfc062723c751e8b465ee728b)
Start importing Assets/Infima Games/Low Poly Shooter Pack - Free Sample/Art/Animations/Character/_Common/A_FP_PCH_Idle.fbx using Guid(28f784c9020e1c44583b059828f40c47) Importer(815301076,1909f56bfc062723c751e8b465ee728b)  -> (artifact id: 'fb401338aae2c12df74f37f6dedf1017') in 0.083327 seconds 
  Import took 0.087021 seconds .

========================================================================
Received Import Request.
  Time since last request: 0.000253 seconds.
  path: Assets/Infima Games/Low Poly Shooter Pack - Free Sample/Art/Animations/Character/_Common/A_FP_PCH_Aim_Out_Transition.fbx
  artifactKey: Guid(5b85b1c9f32d1444ea3fe7fbddd544c0) Importer(815301076,1909f56bfc062723c751e8b465ee728b)
Start importing Assets/Infima Games/Low Poly Shooter Pack - Free Sample/Art/Animations/Character/_Common/A_FP_PCH_Aim_Out_Transition.fbx using Guid(5b85b1c9f32d1444ea3fe7fbddd544c0) Importer(815301076,1909f56bfc062723c751e8b465ee728b)  -> (artifact id: '5d7f3775b3b4237413f6be4ed57b4805') in 0.038078 seconds 
  Import took 0.041593 seconds .

========================================================================
Received Import Request.
  Time since last request: 0.000204 seconds.
  path: Assets/Infima Games/Low Poly Shooter Pack - Free Sample/Art/Animations/Character/_Common/A_FP_PCH_Fire_Empty.fbx
  artifactKey: Guid(ac4c302108621c14294ac65e8477101a) Importer(815301076,1909f56bfc062723c751e8b465ee728b)
Start importing Assets/Infima Games/Low Poly Shooter Pack - Free Sample/Art/Animations/Character/_Common/A_FP_PCH_Fire_Empty.fbx using Guid(ac4c302108621c14294ac65e8477101a) Importer(815301076,1909f56bfc062723c751e8b465ee728b)  -> (artifact id: 'a2914c8a7c4b5bda145adf160fe99a27') in 0.043789 seconds 
  Import took 0.047148 seconds .

========================================================================
Received Import Request.
  Time since last request: 16.268616 seconds.
  path: Assets/Infima Games/Low Poly Shooter Pack - Free Sample/Art/Animations/Character/_Common/A_FP_PCH_Aim_Walk_F_Additive.anim
  artifactKey: Guid(1bd7f5660d40c3548b45a6e3108a7daa) Importer(815301076,1909f56bfc062723c751e8b465ee728b)
Start importing Assets/Infima Games/Low Poly Shooter Pack - Free Sample/Art/Animations/Character/_Common/A_FP_PCH_Aim_Walk_F_Additive.anim using Guid(1bd7f5660d40c3548b45a6e3108a7daa) Importer(815301076,1909f56bfc062723c751e8b465ee728b)  -> (artifact id: '4e8a889e46f68fe8d04b5e82691158a8') in 0.163815 seconds 
  Import took 0.167286 seconds .

AssetImportWorkerClient::OnTransportError - code=2 error=End of file
