Using pre-set license
Built from '2020.3/staging' branch; Version is '2020.3.16f1 (049d6eca3c44) revision 302446'; Using compiler version '192528614'; Build Type 'Release'
OS: 'Windows 10 Home Single Language; OS build 19043.1415; Version 2009; 64bit' Language: 'ru' Physical Memory: 16322 MB
BatchMode: 1, IsHumanControllingUs: 0, StartBugReporterOnCrash: 0, Is64bit: 1, IsPro: 0

 COMMAND LINE ARGUMENTS:
C:\Program Files\Unity\Hub\Editor\2020.3.16f1\Editor\Unity.exe
-adb2
-batchMode
-noUpm
-name
AssetImportWorker0
-projectPath
C:/GitHub/sold/Sold
-logFile
Logs/AssetImportWorker0.log
-srvPort
64040
Successfully changed project path to: C:/GitHub/sold/Sold
C:/GitHub/sold/Sold
Using Asset Import Pipeline V2.
Refreshing native plugins compatible for Editor in 47.39 ms, found 2 plugins.
Preloading 0 native plugins for Editor in 0.00 ms.
Initialize engine version: 2020.3.16f1 (049d6eca3c44)
[Subsystems] Discovering subsystems at path C:/Program Files/Unity/Hub/Editor/2020.3.16f1/Editor/Data/Resources/UnitySubsystems
[Subsystems] Discovering subsystems at path C:/GitHub/sold/Sold/Assets
GfxDevice: creating device client; threaded=0
Direct3D:
    Version:  Direct3D 11.0 [level 11.1]
    Renderer: NVIDIA GeForce GTX 1660 (ID=0x2184)
    Vendor:   
    VRAM:     5991 MB
    Driver:   27.21.14.5671
Initialize mono
Mono path[0] = 'C:/Program Files/Unity/Hub/Editor/2020.3.16f1/Editor/Data/Managed'
Mono path[1] = 'C:/Program Files/Unity/Hub/Editor/2020.3.16f1/Editor/Data/MonoBleedingEdge/lib/mono/unityjit'
Mono config path = 'C:/Program Files/Unity/Hub/Editor/2020.3.16f1/Editor/Data/MonoBleedingEdge/etc'
Using monoOptions --debugger-agent=transport=dt_socket,embedding=1,server=y,suspend=n,address=127.0.0.1:56688
Begin MonoManager ReloadAssembly
Registering precompiled unity dll's ...
Register platform support module: C:/Program Files/Unity/Hub/Editor/2020.3.16f1/Editor/Data/PlaybackEngines/WebGLSupport/UnityEditor.WebGL.Extensions.dll
Register platform support module: C:/Program Files/Unity/Hub/Editor/2020.3.16f1/Editor/Data/PlaybackEngines/WindowsStandaloneSupport/UnityEditor.WindowsStandalone.Extensions.dll
Registered in 0.002630 seconds.
Native extension for WindowsStandalone target not found
Native extension for WebGL target not found
Refreshing native plugins compatible for Editor in 44.77 ms, found 2 plugins.
Preloading 0 native plugins for Editor in 0.00 ms.
Mono: successfully reloaded assembly
- Completed reload, in  1.133 seconds
Domain Reload Profiling:
	ReloadAssembly (1133ms)
		BeginReloadAssembly (49ms)
			ExecutionOrderSort (0ms)
			DisableScriptedObjects (0ms)
			BackupInstance (0ms)
			ReleaseScriptingObjects (0ms)
			CreateAndSetChildDomain (1ms)
		EndReloadAssembly (387ms)
			LoadAssemblies (47ms)
			RebuildTransferFunctionScriptingTraits (0ms)
			SetupTypeCache (139ms)
			ReleaseScriptCaches (0ms)
			RebuildScriptCaches (27ms)
			SetupLoadedEditorAssemblies (156ms)
				LogAssemblyErrors (0ms)
				InitializePlatformSupportModulesInManaged (4ms)
				SetLoadedEditorAssemblies (0ms)
				RefreshPlugins (45ms)
				BeforeProcessingInitializeOnLoad (15ms)
				ProcessInitializeOnLoadAttributes (68ms)
				ProcessInitializeOnLoadMethodAttributes (24ms)
				AfterProcessingInitializeOnLoad (0ms)
				EditorAssembliesLoaded (0ms)
			ExecutionOrderSort2 (0ms)
			AwakeInstancesAfterBackupRestoration (0ms)
Platform modules already initialized, skipping
Registering precompiled user dll's ...
Registered in 0.007997 seconds.
Begin MonoManager ReloadAssembly
Native extension for WindowsStandalone target not found
Native extension for WebGL target not found
Refreshing native plugins compatible for Editor in 43.99 ms, found 2 plugins.
Preloading 0 native plugins for Editor in 0.00 ms.
Mono: successfully reloaded assembly
- Completed reload, in  1.557 seconds
Domain Reload Profiling:
	ReloadAssembly (1558ms)
		BeginReloadAssembly (132ms)
			ExecutionOrderSort (0ms)
			DisableScriptedObjects (4ms)
			BackupInstance (0ms)
			ReleaseScriptingObjects (0ms)
			CreateAndSetChildDomain (17ms)
		EndReloadAssembly (1367ms)
			LoadAssemblies (84ms)
			RebuildTransferFunctionScriptingTraits (0ms)
			SetupTypeCache (289ms)
			ReleaseScriptCaches (0ms)
			RebuildScriptCaches (43ms)
			SetupLoadedEditorAssemblies (836ms)
				LogAssemblyErrors (0ms)
				InitializePlatformSupportModulesInManaged (4ms)
				SetLoadedEditorAssemblies (0ms)
				RefreshPlugins (44ms)
				BeforeProcessingInitializeOnLoad (74ms)
				ProcessInitializeOnLoadAttributes (698ms)
				ProcessInitializeOnLoadMethodAttributes (8ms)
				AfterProcessingInitializeOnLoad (7ms)
				EditorAssembliesLoaded (0ms)
			ExecutionOrderSort2 (0ms)
			AwakeInstancesAfterBackupRestoration (6ms)
Platform modules already initialized, skipping
========================================================================
Worker process is ready to serve import requests
Launched and connected shader compiler UnityShaderCompiler.exe after 0.07 seconds
Refreshing native plugins compatible for Editor in 0.57 ms, found 2 plugins.
Preloading 0 native plugins for Editor in 0.00 ms.
Unloading 2362 Unused Serialized files (Serialized files now loaded: 0)
System memory in use before: 113.7 MB.
System memory in use after: 113.9 MB.

Unloading 34 unused Assets to reduce memory usage. Loaded Objects now: 2793.
Total: 3.811100 ms (FindLiveObjects: 0.278500 ms CreateObjectMapping: 0.130300 ms MarkObjects: 3.314200 ms  DeleteObjects: 0.086300 ms)

AssetImportParameters requested are different than current active one (requested -> active):
  custom:framework-win-MediaFoundation: 216162199b28c13a410421893ffa2e32 -> 
  custom:video-decoder-ogg-theora: a1e56fd34408186e4bbccfd4996cb3dc -> 
  custom:container-muxer-webm: aa71ff27fc2769a1b78a27578f13a17b -> 
  custom:container-demuxer-webm: 4f35f7cbe854078d1ac9338744f61a02 -> 
  custom:container-demuxer-ogg: 62fdf1f143b41e24485cea50d1cbac27 -> 
  custom:video-encoder-webm-vp8: eb34c28f22e8b96e1ab97ce403110664 -> 
  custom:video-decoder-webm-vp8: 9c59270c3fd7afecdb556c50c9e8de78 -> 
  custom:audio-decoder-ogg-vorbis: bf7c407c2cedff20999df2af8eb42d56 -> 
  custom:audio-encoder-webm-vorbis: bf7c407c2cedff20999df2af8eb42d56 -> 
========================================================================
Received Import Request.
  path: Assets/Infima Games
  artifactKey: Guid(55279b6998ad9424da2c3d945d41e113) Importer(815301076,1909f56bfc062723c751e8b465ee728b)
Start importing Assets/Infima Games using Guid(55279b6998ad9424da2c3d945d41e113) Importer(815301076,1909f56bfc062723c751e8b465ee728b)  -> (artifact id: '8bb03833d7779ebbf4f5a68bb9e904c4') in 0.011008 seconds 
  Import took 0.014943 seconds .

========================================================================
Received Import Request.
  Time since last request: 23.238762 seconds.
  path: Assets/Infima Games/Low Poly Shooter Pack - Free Sample
  artifactKey: Guid(6417c31b57a1b5b4695ce6ea8771a948) Importer(815301076,1909f56bfc062723c751e8b465ee728b)
Start importing Assets/Infima Games/Low Poly Shooter Pack - Free Sample using Guid(6417c31b57a1b5b4695ce6ea8771a948) Importer(815301076,1909f56bfc062723c751e8b465ee728b)  -> (artifact id: '4f9dcd586ef2f6ea6db69de306ea8e14') in 0.007491 seconds 
  Import took 0.010707 seconds .

========================================================================
Received Import Request.
  Time since last request: 4.237783 seconds.
  path: Assets/Infima Games/Low Poly Shooter Pack - Free Sample/Scenes
  artifactKey: Guid(4343c8879dda8974088c6da21527caa6) Importer(815301076,1909f56bfc062723c751e8b465ee728b)
Start importing Assets/Infima Games/Low Poly Shooter Pack - Free Sample/Scenes using Guid(4343c8879dda8974088c6da21527caa6) Importer(815301076,1909f56bfc062723c751e8b465ee728b)  -> (artifact id: '8805cc11da83f2ffc8e8fab62223d0d5') in 0.005681 seconds 
  Import took 0.009193 seconds .

========================================================================
Received Import Request.
  Time since last request: 1.124469 seconds.
  path: Assets/Infima Games/Low Poly Shooter Pack - Free Sample/Scenes/S_Content_Overview.unity
  artifactKey: Guid(63fdc04a097eb0b4ba4af78a98dac40d) Importer(815301076,1909f56bfc062723c751e8b465ee728b)
Start importing Assets/Infima Games/Low Poly Shooter Pack - Free Sample/Scenes/S_Content_Overview.unity using Guid(63fdc04a097eb0b4ba4af78a98dac40d) Importer(815301076,1909f56bfc062723c751e8b465ee728b)  -> (artifact id: '533513fc6bb9eb67b0b2b3448ec008a6') in 0.011595 seconds 
  Import took 0.014823 seconds .

========================================================================
Received Import Request.
  Time since last request: 0.498340 seconds.
  path: Assets/Infima Games/Low Poly Shooter Pack - Free Sample/Scenes/S_Content_Overview
  artifactKey: Guid(8a6b2cc754b15224abcd06e5bdcab0ad) Importer(815301076,1909f56bfc062723c751e8b465ee728b)
Start importing Assets/Infima Games/Low Poly Shooter Pack - Free Sample/Scenes/S_Content_Overview using Guid(8a6b2cc754b15224abcd06e5bdcab0ad) Importer(815301076,1909f56bfc062723c751e8b465ee728b)  -> (artifact id: 'fcaf6a71ce4fa0e823881f378a04f1ec') in 0.010155 seconds 
  Import took 0.013474 seconds .

========================================================================
Received Import Request.
  Time since last request: 0.521940 seconds.
  path: Assets/Infima Games/Low Poly Shooter Pack - Free Sample/Scenes/S_Content_Overview/LightingData.asset
  artifactKey: Guid(adc01f9271dfe054fb75aeaa6e7a374b) Importer(815301076,1909f56bfc062723c751e8b465ee728b)
Start importing Assets/Infima Games/Low Poly Shooter Pack - Free Sample/Scenes/S_Content_Overview/LightingData.asset using Guid(adc01f9271dfe054fb75aeaa6e7a374b) Importer(815301076,1909f56bfc062723c751e8b465ee728b)  -> (artifact id: '2841085c3ec4e70edf7a7957275f1897') in 0.038773 seconds 
  Import took 0.042864 seconds .

========================================================================
Received Import Request.
  Time since last request: 0.000224 seconds.
  path: Assets/Infima Games/Low Poly Shooter Pack - Free Sample/Scenes/S_Content_Overview/Lightmap-43_comp_light.exr
  artifactKey: Guid(2f06ae7ba6953f9478cec6d66b6932f6) Importer(815301076,1909f56bfc062723c751e8b465ee728b)
Start importing Assets/Infima Games/Low Poly Shooter Pack - Free Sample/Scenes/S_Content_Overview/Lightmap-43_comp_light.exr using Guid(2f06ae7ba6953f9478cec6d66b6932f6) Importer(815301076,1909f56bfc062723c751e8b465ee728b)  -> (artifact id: '43815be4189a224edcbe900f533171b4') in 0.053452 seconds 
  Import took 0.056468 seconds .

========================================================================
Received Import Request.
  Time since last request: 0.000225 seconds.
  path: Assets/Infima Games/Low Poly Shooter Pack - Free Sample/Scenes/S_Content_Overview/Lightmap-12_comp_light.exr
  artifactKey: Guid(348addcaf29f0bb4386718bca8d48f4c) Importer(815301076,1909f56bfc062723c751e8b465ee728b)
Start importing Assets/Infima Games/Low Poly Shooter Pack - Free Sample/Scenes/S_Content_Overview/Lightmap-12_comp_light.exr using Guid(348addcaf29f0bb4386718bca8d48f4c) Importer(815301076,1909f56bfc062723c751e8b465ee728b)  -> (artifact id: 'bb119e75142570ab6c326a07fb540b69') in 0.011626 seconds 
  Import took 0.014985 seconds .

========================================================================
Received Import Request.
  Time since last request: 0.000253 seconds.
  path: Assets/Infima Games/Low Poly Shooter Pack - Free Sample/Scenes/S_Content_Overview/Lightmap-39_comp_light.exr
  artifactKey: Guid(04c8791517ca9ee429d56c8f9b093e50) Importer(815301076,1909f56bfc062723c751e8b465ee728b)
Start importing Assets/Infima Games/Low Poly Shooter Pack - Free Sample/Scenes/S_Content_Overview/Lightmap-39_comp_light.exr using Guid(04c8791517ca9ee429d56c8f9b093e50) Importer(815301076,1909f56bfc062723c751e8b465ee728b)  -> (artifact id: '59b181963ca8dac912f478b250db1f51') in 0.010325 seconds 
  Import took 0.013854 seconds .

========================================================================
Received Import Request.
  Time since last request: 0.000244 seconds.
  path: Assets/Infima Games/Low Poly Shooter Pack - Free Sample/Scenes/S_Content_Overview/Lightmap-31_comp_light.exr
  artifactKey: Guid(16494cb2d36c89c4499113f50fbd7950) Importer(815301076,1909f56bfc062723c751e8b465ee728b)
Start importing Assets/Infima Games/Low Poly Shooter Pack - Free Sample/Scenes/S_Content_Overview/Lightmap-31_comp_light.exr using Guid(16494cb2d36c89c4499113f50fbd7950) Importer(815301076,1909f56bfc062723c751e8b465ee728b)  -> (artifact id: '73cebe1b19f074754a9ed8721977d32a') in 0.011605 seconds 
  Import took 0.014849 seconds .

========================================================================
Received Import Request.
  Time since last request: 0.000265 seconds.
  path: Assets/Infima Games/Low Poly Shooter Pack - Free Sample/Scenes/S_Content_Overview/Lightmap-3_comp_light.exr
  artifactKey: Guid(4dd032ebc52e0dd4082487c86f5d4696) Importer(815301076,1909f56bfc062723c751e8b465ee728b)
Start importing Assets/Infima Games/Low Poly Shooter Pack - Free Sample/Scenes/S_Content_Overview/Lightmap-3_comp_light.exr using Guid(4dd032ebc52e0dd4082487c86f5d4696) Importer(815301076,1909f56bfc062723c751e8b465ee728b)  -> (artifact id: '386c5bb5394721e00350de76eca47bc5') in 0.013411 seconds 
  Import took 0.016516 seconds .

========================================================================
Received Import Request.
  Time since last request: 0.000235 seconds.
  path: Assets/Infima Games/Low Poly Shooter Pack - Free Sample/Scenes/S_Content_Overview/Lightmap-46_comp_light.exr
  artifactKey: Guid(697f4f96fc124834bb3990c591b894ad) Importer(815301076,1909f56bfc062723c751e8b465ee728b)
Start importing Assets/Infima Games/Low Poly Shooter Pack - Free Sample/Scenes/S_Content_Overview/Lightmap-46_comp_light.exr using Guid(697f4f96fc124834bb3990c591b894ad) Importer(815301076,1909f56bfc062723c751e8b465ee728b)  -> (artifact id: '2dbf3ac9f81636257e089a4cca77d73c') in 0.011952 seconds 
  Import took 0.015268 seconds .

========================================================================
Received Import Request.
  Time since last request: 0.000208 seconds.
  path: Assets/Infima Games/Low Poly Shooter Pack - Free Sample/Scenes/S_Content_Overview/Lightmap-34_comp_light.exr
  artifactKey: Guid(a3a65761daa5d6b4e99c4863fb3bbec4) Importer(815301076,1909f56bfc062723c751e8b465ee728b)
Start importing Assets/Infima Games/Low Poly Shooter Pack - Free Sample/Scenes/S_Content_Overview/Lightmap-34_comp_light.exr using Guid(a3a65761daa5d6b4e99c4863fb3bbec4) Importer(815301076,1909f56bfc062723c751e8b465ee728b)  -> (artifact id: '428b10fe47049df821e5764037a4e459') in 0.014307 seconds 
  Import took 0.017822 seconds .

========================================================================
Received Import Request.
  Time since last request: 0.000189 seconds.
  path: Assets/Infima Games/Low Poly Shooter Pack - Free Sample/Scenes/S_Content_Overview/Lightmap-26_comp_light.exr
  artifactKey: Guid(f4070e43c65b75a43a938ca7a27e64ea) Importer(815301076,1909f56bfc062723c751e8b465ee728b)
Start importing Assets/Infima Games/Low Poly Shooter Pack - Free Sample/Scenes/S_Content_Overview/Lightmap-26_comp_light.exr using Guid(f4070e43c65b75a43a938ca7a27e64ea) Importer(815301076,1909f56bfc062723c751e8b465ee728b)  -> (artifact id: '07db0e2de4bb1b74406b4453cac4fe02') in 0.014193 seconds 
  Import took 0.017318 seconds .

========================================================================
Received Import Request.
  Time since last request: 0.000184 seconds.
  path: Assets/Infima Games/Low Poly Shooter Pack - Free Sample/Scenes/S_Content_Overview/Lightmap-2_comp_light.exr
  artifactKey: Guid(03b8468a4d409a34bb3f4ce7ccc160de) Importer(815301076,1909f56bfc062723c751e8b465ee728b)
Start importing Assets/Infima Games/Low Poly Shooter Pack - Free Sample/Scenes/S_Content_Overview/Lightmap-2_comp_light.exr using Guid(03b8468a4d409a34bb3f4ce7ccc160de) Importer(815301076,1909f56bfc062723c751e8b465ee728b)  -> (artifact id: '74640bf8e9a40aff82ef887387f716bc') in 0.012396 seconds 
  Import took 0.015474 seconds .

========================================================================
Received Import Request.
  Time since last request: 0.000282 seconds.
  path: Assets/Infima Games/Low Poly Shooter Pack - Free Sample/Scenes/S_Content_Overview/Lightmap-47_comp_light.exr
  artifactKey: Guid(58f8fe43436b87c46a3c0e05879c4f49) Importer(815301076,1909f56bfc062723c751e8b465ee728b)
Start importing Assets/Infima Games/Low Poly Shooter Pack - Free Sample/Scenes/S_Content_Overview/Lightmap-47_comp_light.exr using Guid(58f8fe43436b87c46a3c0e05879c4f49) Importer(815301076,1909f56bfc062723c751e8b465ee728b)  -> (artifact id: '77c67fe4c04c69bce1878a8107a361d8') in 0.011489 seconds 
  Import took 0.014781 seconds .

========================================================================
Received Import Request.
  Time since last request: 0.000237 seconds.
  path: Assets/Infima Games/Low Poly Shooter Pack - Free Sample/Scenes/S_Content_Overview/Lightmap-10_comp_light.exr
  artifactKey: Guid(3bce3359f9d97f443be31f77eb3a4c08) Importer(815301076,1909f56bfc062723c751e8b465ee728b)
Start importing Assets/Infima Games/Low Poly Shooter Pack - Free Sample/Scenes/S_Content_Overview/Lightmap-10_comp_light.exr using Guid(3bce3359f9d97f443be31f77eb3a4c08) Importer(815301076,1909f56bfc062723c751e8b465ee728b)  -> (artifact id: 'd8b5e3071acd442f76b50349c16bf2f8') in 0.010186 seconds 
  Import took 0.013508 seconds .

========================================================================
Received Import Request.
  Time since last request: 0.000217 seconds.
  path: Assets/Infima Games/Low Poly Shooter Pack - Free Sample/Scenes/S_Content_Overview/Lightmap-5_comp_light.exr
  artifactKey: Guid(4ba907f7bac97e247bd6b143792deb5e) Importer(815301076,1909f56bfc062723c751e8b465ee728b)
Start importing Assets/Infima Games/Low Poly Shooter Pack - Free Sample/Scenes/S_Content_Overview/Lightmap-5_comp_light.exr using Guid(4ba907f7bac97e247bd6b143792deb5e) Importer(815301076,1909f56bfc062723c751e8b465ee728b)  -> (artifact id: '74871f95c7751fb88bc63556305d80cd') in 0.010784 seconds 
  Import took 0.014172 seconds .

========================================================================
Received Import Request.
  Time since last request: 0.000193 seconds.
  path: Assets/Infima Games/Low Poly Shooter Pack - Free Sample/Scenes/S_Content_Overview/Lightmap-0_comp_light.exr
  artifactKey: Guid(99fec1ef4eea209489cf2f413d836f6b) Importer(815301076,1909f56bfc062723c751e8b465ee728b)
Start importing Assets/Infima Games/Low Poly Shooter Pack - Free Sample/Scenes/S_Content_Overview/Lightmap-0_comp_light.exr using Guid(99fec1ef4eea209489cf2f413d836f6b) Importer(815301076,1909f56bfc062723c751e8b465ee728b)  -> (artifact id: '0b9f203c3c2642371e9c0d39004951e3') in 0.011284 seconds 
  Import took 0.014500 seconds .

========================================================================
Received Import Request.
  Time since last request: 0.000251 seconds.
  path: Assets/Infima Games/Low Poly Shooter Pack - Free Sample/Scenes/S_Content_Overview/Lightmap-23_comp_light.exr
  artifactKey: Guid(c1a96c5bbf96d9740b06fa4e0ba92853) Importer(815301076,1909f56bfc062723c751e8b465ee728b)
Start importing Assets/Infima Games/Low Poly Shooter Pack - Free Sample/Scenes/S_Content_Overview/Lightmap-23_comp_light.exr using Guid(c1a96c5bbf96d9740b06fa4e0ba92853) Importer(815301076,1909f56bfc062723c751e8b465ee728b)  -> (artifact id: 'f5136a191db7f2581f8fadb8e1ec76f7') in 0.010595 seconds 
  Import took 0.014169 seconds .

========================================================================
Received Import Request.
  Time since last request: 0.000235 seconds.
  path: Assets/Infima Games/Low Poly Shooter Pack - Free Sample/Scenes/S_Content_Overview/Lightmap-27_comp_light.exr
  artifactKey: Guid(dfbb36674be8a4741b4948becc3a519c) Importer(815301076,1909f56bfc062723c751e8b465ee728b)
Start importing Assets/Infima Games/Low Poly Shooter Pack - Free Sample/Scenes/S_Content_Overview/Lightmap-27_comp_light.exr using Guid(dfbb36674be8a4741b4948becc3a519c) Importer(815301076,1909f56bfc062723c751e8b465ee728b)  -> (artifact id: '5c434277203992cb6dd45bdb5d60b183') in 0.010345 seconds 
  Import took 0.013689 seconds .

========================================================================
Received Import Request.
  Time since last request: 0.000225 seconds.
  path: Assets/Infima Games/Low Poly Shooter Pack - Free Sample/Scenes/S_Content_Overview/Lightmap-41_comp_light.exr
  artifactKey: Guid(081eca23c57c092499a36f651eb0135b) Importer(815301076,1909f56bfc062723c751e8b465ee728b)
Start importing Assets/Infima Games/Low Poly Shooter Pack - Free Sample/Scenes/S_Content_Overview/Lightmap-41_comp_light.exr using Guid(081eca23c57c092499a36f651eb0135b) Importer(815301076,1909f56bfc062723c751e8b465ee728b)  -> (artifact id: 'bd5bc40ad176617410ad457014c3dbcc') in 0.010079 seconds 
  Import took 0.013805 seconds .

========================================================================
Received Import Request.
  Time since last request: 0.000207 seconds.
  path: Assets/Infima Games/Low Poly Shooter Pack - Free Sample/Scenes/S_Content_Overview/Lightmap-37_comp_light.exr
  artifactKey: Guid(0a3fba431d7c79f488873e426958cfca) Importer(815301076,1909f56bfc062723c751e8b465ee728b)
Start importing Assets/Infima Games/Low Poly Shooter Pack - Free Sample/Scenes/S_Content_Overview/Lightmap-37_comp_light.exr using Guid(0a3fba431d7c79f488873e426958cfca) Importer(815301076,1909f56bfc062723c751e8b465ee728b)  -> (artifact id: '867af0eb3686fb16908617de129138b8') in 0.012968 seconds 
  Import took 0.016258 seconds .

========================================================================
Received Import Request.
  Time since last request: 0.000214 seconds.
  path: Assets/Infima Games/Low Poly Shooter Pack - Free Sample/Scenes/S_Content_Overview/Lightmap-14_comp_light.exr
  artifactKey: Guid(e2f2b0a6c00adc1438a60d9598687806) Importer(815301076,1909f56bfc062723c751e8b465ee728b)
Start importing Assets/Infima Games/Low Poly Shooter Pack - Free Sample/Scenes/S_Content_Overview/Lightmap-14_comp_light.exr using Guid(e2f2b0a6c00adc1438a60d9598687806) Importer(815301076,1909f56bfc062723c751e8b465ee728b)  -> (artifact id: 'c2b07c22fe8c410fa20697f7f3359aff') in 0.011049 seconds 
  Import took 0.014560 seconds .

========================================================================
Received Import Request.
  Time since last request: 0.000211 seconds.
  path: Assets/Infima Games/Low Poly Shooter Pack - Free Sample/Scenes/S_Content_Overview/Lightmap-4_comp_light.exr
  artifactKey: Guid(08e02716acfe1e542a1b306a31ffd407) Importer(815301076,1909f56bfc062723c751e8b465ee728b)
Start importing Assets/Infima Games/Low Poly Shooter Pack - Free Sample/Scenes/S_Content_Overview/Lightmap-4_comp_light.exr using Guid(08e02716acfe1e542a1b306a31ffd407) Importer(815301076,1909f56bfc062723c751e8b465ee728b)  -> (artifact id: '97e0ccb933bdc061e7afa8f0e2b4b315') in 0.013354 seconds 
  Import took 0.016602 seconds .

========================================================================
Received Import Request.
  Time since last request: 0.000144 seconds.
  path: Assets/Infima Games/Low Poly Shooter Pack - Free Sample/Scenes/S_Content_Overview/Lightmap-6_comp_light.exr
  artifactKey: Guid(4f7c1f591909dec42b7c1c66de7953dd) Importer(815301076,1909f56bfc062723c751e8b465ee728b)
Start importing Assets/Infima Games/Low Poly Shooter Pack - Free Sample/Scenes/S_Content_Overview/Lightmap-6_comp_light.exr using Guid(4f7c1f591909dec42b7c1c66de7953dd) Importer(815301076,1909f56bfc062723c751e8b465ee728b)  -> (artifact id: '12dd8d989df347e3c5c4b7906459e3d8') in 0.013193 seconds 
  Import took 0.016407 seconds .

========================================================================
Received Import Request.
  Time since last request: 0.000195 seconds.
  path: Assets/Infima Games/Low Poly Shooter Pack - Free Sample/Scenes/S_Content_Overview/Lightmap-18_comp_light.exr
  artifactKey: Guid(c7427390ead68e74d8c6a9c560ab36a3) Importer(815301076,1909f56bfc062723c751e8b465ee728b)
Start importing Assets/Infima Games/Low Poly Shooter Pack - Free Sample/Scenes/S_Content_Overview/Lightmap-18_comp_light.exr using Guid(c7427390ead68e74d8c6a9c560ab36a3) Importer(815301076,1909f56bfc062723c751e8b465ee728b)  -> (artifact id: '4382ee2ba13651e016c6e8a69a65f8c7') in 0.013337 seconds 
  Import took 0.016643 seconds .

========================================================================
Received Import Request.
  Time since last request: 0.000246 seconds.
  path: Assets/Infima Games/Low Poly Shooter Pack - Free Sample/Scenes/S_Content_Overview/Lightmap-33_comp_light.exr
  artifactKey: Guid(109904c621f1663439487797953b0460) Importer(815301076,1909f56bfc062723c751e8b465ee728b)
Start importing Assets/Infima Games/Low Poly Shooter Pack - Free Sample/Scenes/S_Content_Overview/Lightmap-33_comp_light.exr using Guid(109904c621f1663439487797953b0460) Importer(815301076,1909f56bfc062723c751e8b465ee728b)  -> (artifact id: '959cb374bb6743af74144d6dda8cc02d') in 0.011707 seconds 
  Import took 0.015151 seconds .

========================================================================
Received Import Request.
  Time since last request: 0.000262 seconds.
  path: Assets/Infima Games/Low Poly Shooter Pack - Free Sample/Scenes/S_Content_Overview/Lightmap-36_comp_light.exr
  artifactKey: Guid(234a175db50a7b842a8783ca9436f7c9) Importer(815301076,1909f56bfc062723c751e8b465ee728b)
Start importing Assets/Infima Games/Low Poly Shooter Pack - Free Sample/Scenes/S_Content_Overview/Lightmap-36_comp_light.exr using Guid(234a175db50a7b842a8783ca9436f7c9) Importer(815301076,1909f56bfc062723c751e8b465ee728b)  -> (artifact id: '1a9bb5e98830eb67746a2c1fee48608a') in 0.013612 seconds 
  Import took 0.017032 seconds .

========================================================================
Received Import Request.
  Time since last request: 0.000236 seconds.
  path: Assets/Infima Games/Low Poly Shooter Pack - Free Sample/Scenes/S_Content_Overview/Lightmap-42_comp_light.exr
  artifactKey: Guid(94801f8fbf5cc7d4695b46632e01f70c) Importer(815301076,1909f56bfc062723c751e8b465ee728b)
Start importing Assets/Infima Games/Low Poly Shooter Pack - Free Sample/Scenes/S_Content_Overview/Lightmap-42_comp_light.exr using Guid(94801f8fbf5cc7d4695b46632e01f70c) Importer(815301076,1909f56bfc062723c751e8b465ee728b)  -> (artifact id: '832f4dcb781a255b4cbf42f7ffd493db') in 0.013598 seconds 
  Import took 0.016931 seconds .

========================================================================
Received Import Request.
  Time since last request: 0.000271 seconds.
  path: Assets/Infima Games/Low Poly Shooter Pack - Free Sample/Scenes/S_Content_Overview/Lightmap-13_comp_light.exr
  artifactKey: Guid(422d4825ef0acd44c9794cec5c2c7129) Importer(815301076,1909f56bfc062723c751e8b465ee728b)
Start importing Assets/Infima Games/Low Poly Shooter Pack - Free Sample/Scenes/S_Content_Overview/Lightmap-13_comp_light.exr using Guid(422d4825ef0acd44c9794cec5c2c7129) Importer(815301076,1909f56bfc062723c751e8b465ee728b)  -> (artifact id: '8a660d4dec6f31532ceb987d1972a048') in 0.012986 seconds 
  Import took 0.016249 seconds .

========================================================================
Received Import Request.
  Time since last request: 0.000240 seconds.
  path: Assets/Infima Games/Low Poly Shooter Pack - Free Sample/Scenes/S_Content_Overview/Lightmap-30_comp_light.exr
  artifactKey: Guid(0f004ce5f8fb8f342967a6cef0b1b937) Importer(815301076,1909f56bfc062723c751e8b465ee728b)
Start importing Assets/Infima Games/Low Poly Shooter Pack - Free Sample/Scenes/S_Content_Overview/Lightmap-30_comp_light.exr using Guid(0f004ce5f8fb8f342967a6cef0b1b937) Importer(815301076,1909f56bfc062723c751e8b465ee728b)  -> (artifact id: 'b4f1a358eedcd0ad0304bfe529032fe9') in 0.013770 seconds 
  Import took 0.016994 seconds .

========================================================================
Received Import Request.
  Time since last request: 0.000229 seconds.
  path: Assets/Infima Games/Low Poly Shooter Pack - Free Sample/Scenes/S_Content_Overview/Lightmap-11_comp_light.exr
  artifactKey: Guid(0604e6ae473437f47be866b835e7e544) Importer(815301076,1909f56bfc062723c751e8b465ee728b)
Start importing Assets/Infima Games/Low Poly Shooter Pack - Free Sample/Scenes/S_Content_Overview/Lightmap-11_comp_light.exr using Guid(0604e6ae473437f47be866b835e7e544) Importer(815301076,1909f56bfc062723c751e8b465ee728b)  -> (artifact id: '5b15c7cf89040faf038501b2ed77b742') in 0.012231 seconds 
  Import took 0.015506 seconds .

========================================================================
Received Import Request.
  Time since last request: 0.000218 seconds.
  path: Assets/Infima Games/Low Poly Shooter Pack - Free Sample/Scenes/S_Content_Overview/Lightmap-29_comp_light.exr
  artifactKey: Guid(140ccbc33551fec4ca4f7be85ac6d637) Importer(815301076,1909f56bfc062723c751e8b465ee728b)
Start importing Assets/Infima Games/Low Poly Shooter Pack - Free Sample/Scenes/S_Content_Overview/Lightmap-29_comp_light.exr using Guid(140ccbc33551fec4ca4f7be85ac6d637) Importer(815301076,1909f56bfc062723c751e8b465ee728b)  -> (artifact id: '009c9ccaeeb74d71ee9bf471794708f4') in 0.014269 seconds 
  Import took 0.017776 seconds .

========================================================================
Received Import Request.
  Time since last request: 0.000234 seconds.
  path: Assets/Infima Games/Low Poly Shooter Pack - Free Sample/Scenes/S_Content_Overview/Lightmap-21_comp_light.exr
  artifactKey: Guid(fa80acfa37e688f4a8b1de38df926e58) Importer(815301076,1909f56bfc062723c751e8b465ee728b)
Start importing Assets/Infima Games/Low Poly Shooter Pack - Free Sample/Scenes/S_Content_Overview/Lightmap-21_comp_light.exr using Guid(fa80acfa37e688f4a8b1de38df926e58) Importer(815301076,1909f56bfc062723c751e8b465ee728b)  -> (artifact id: '9c42fde849dc42ea7e45329f052c7e39') in 0.010499 seconds 
  Import took 0.013747 seconds .

========================================================================
Received Import Request.
  Time since last request: 0.000202 seconds.
  path: Assets/Infima Games/Low Poly Shooter Pack - Free Sample/Scenes/S_Content_Overview/Lightmap-8_comp_light.exr
  artifactKey: Guid(a0731f01d23c7364f8b230997d09ea03) Importer(815301076,1909f56bfc062723c751e8b465ee728b)
Start importing Assets/Infima Games/Low Poly Shooter Pack - Free Sample/Scenes/S_Content_Overview/Lightmap-8_comp_light.exr using Guid(a0731f01d23c7364f8b230997d09ea03) Importer(815301076,1909f56bfc062723c751e8b465ee728b)  -> (artifact id: 'f8a84f5fdd146d76b4d822b819bb8ae2') in 0.011005 seconds 
  Import took 0.014463 seconds .

========================================================================
Received Import Request.
  Time since last request: 0.000266 seconds.
  path: Assets/Infima Games/Low Poly Shooter Pack - Free Sample/Scenes/S_Content_Overview/Lightmap-40_comp_light.exr
  artifactKey: Guid(6fe5e90b7ecf0c94d80723c31231591c) Importer(815301076,1909f56bfc062723c751e8b465ee728b)
Start importing Assets/Infima Games/Low Poly Shooter Pack - Free Sample/Scenes/S_Content_Overview/Lightmap-40_comp_light.exr using Guid(6fe5e90b7ecf0c94d80723c31231591c) Importer(815301076,1909f56bfc062723c751e8b465ee728b)  -> (artifact id: 'd4a85c95359a9b83c19ca690d5bbc4f3') in 0.010806 seconds 
  Import took 0.014024 seconds .

========================================================================
Received Import Request.
  Time since last request: 0.000226 seconds.
  path: Assets/Infima Games/Low Poly Shooter Pack - Free Sample/Scenes/S_Content_Overview/Lightmap-24_comp_light.exr
  artifactKey: Guid(6c2e2e0c16ffd264f8eebd9cac4f2265) Importer(815301076,1909f56bfc062723c751e8b465ee728b)
Start importing Assets/Infima Games/Low Poly Shooter Pack - Free Sample/Scenes/S_Content_Overview/Lightmap-24_comp_light.exr using Guid(6c2e2e0c16ffd264f8eebd9cac4f2265) Importer(815301076,1909f56bfc062723c751e8b465ee728b)  -> (artifact id: '41037c084999aa9fc2dd3510c2ba14a6') in 0.010407 seconds 
  Import took 0.013684 seconds .

========================================================================
Received Import Request.
  Time since last request: 0.000220 seconds.
  path: Assets/Infima Games/Low Poly Shooter Pack - Free Sample/Scenes/S_Content_Overview/Lightmap-45_comp_light.exr
  artifactKey: Guid(d2b5d56ae1a1fa0439a57a9900423cd2) Importer(815301076,1909f56bfc062723c751e8b465ee728b)
Start importing Assets/Infima Games/Low Poly Shooter Pack - Free Sample/Scenes/S_Content_Overview/Lightmap-45_comp_light.exr using Guid(d2b5d56ae1a1fa0439a57a9900423cd2) Importer(815301076,1909f56bfc062723c751e8b465ee728b)  -> (artifact id: '2805ca0e9e0487f7a994e86de5238493') in 0.010792 seconds 
  Import took 0.014214 seconds .

========================================================================
Received Import Request.
  Time since last request: 0.000248 seconds.
  path: Assets/Infima Games/Low Poly Shooter Pack - Free Sample/Scenes/S_Content_Overview/Lightmap-17_comp_light.exr
  artifactKey: Guid(53f389449490afa4fb69f08b9395ef69) Importer(815301076,1909f56bfc062723c751e8b465ee728b)
Start importing Assets/Infima Games/Low Poly Shooter Pack - Free Sample/Scenes/S_Content_Overview/Lightmap-17_comp_light.exr using Guid(53f389449490afa4fb69f08b9395ef69) Importer(815301076,1909f56bfc062723c751e8b465ee728b)  -> (artifact id: 'ba0bc1dba8326738c865a28325134fff') in 0.009986 seconds 
  Import took 0.013430 seconds .

========================================================================
Received Import Request.
  Time since last request: 0.000210 seconds.
  path: Assets/Infima Games/Low Poly Shooter Pack - Free Sample/Scenes/S_Content_Overview/Lightmap-44_comp_light.exr
  artifactKey: Guid(c23929d1a1fda0c4c9fd5d60834bbc5e) Importer(815301076,1909f56bfc062723c751e8b465ee728b)
Start importing Assets/Infima Games/Low Poly Shooter Pack - Free Sample/Scenes/S_Content_Overview/Lightmap-44_comp_light.exr using Guid(c23929d1a1fda0c4c9fd5d60834bbc5e) Importer(815301076,1909f56bfc062723c751e8b465ee728b)  -> (artifact id: 'c0c9af6b6af42b2af666e132e05fb92b') in 0.009689 seconds 
  Import took 0.013569 seconds .

========================================================================
Received Import Request.
  Time since last request: 0.000202 seconds.
  path: Assets/Infima Games/Low Poly Shooter Pack - Free Sample/Scenes/S_Content_Overview/Lightmap-48_comp_light.exr
  artifactKey: Guid(9cd36bb8a821bc8439576b021fabdd5e) Importer(815301076,1909f56bfc062723c751e8b465ee728b)
Start importing Assets/Infima Games/Low Poly Shooter Pack - Free Sample/Scenes/S_Content_Overview/Lightmap-48_comp_light.exr using Guid(9cd36bb8a821bc8439576b021fabdd5e) Importer(815301076,1909f56bfc062723c751e8b465ee728b)  -> (artifact id: '453c74202de6019f8fe68f9dd78094b9') in 0.011921 seconds 
  Import took 0.015210 seconds .

========================================================================
Received Import Request.
  Time since last request: 0.000217 seconds.
  path: Assets/Infima Games/Low Poly Shooter Pack - Free Sample/Scenes/S_Content_Overview/Lightmap-38_comp_light.exr
  artifactKey: Guid(0c52cd6082b56894dafd1878ef170c8f) Importer(815301076,1909f56bfc062723c751e8b465ee728b)
Start importing Assets/Infima Games/Low Poly Shooter Pack - Free Sample/Scenes/S_Content_Overview/Lightmap-38_comp_light.exr using Guid(0c52cd6082b56894dafd1878ef170c8f) Importer(815301076,1909f56bfc062723c751e8b465ee728b)  -> (artifact id: 'f2cd94866aee35a63781b1ee6e2f4841') in 0.013073 seconds 
  Import took 0.016506 seconds .

========================================================================
Received Import Request.
  Time since last request: 0.000284 seconds.
  path: Assets/Infima Games/Low Poly Shooter Pack - Free Sample/Scenes/S_Content_Overview/Lightmap-15_comp_light.exr
  artifactKey: Guid(cf50bc31ce09f19498791ecd17532cce) Importer(815301076,1909f56bfc062723c751e8b465ee728b)
Start importing Assets/Infima Games/Low Poly Shooter Pack - Free Sample/Scenes/S_Content_Overview/Lightmap-15_comp_light.exr using Guid(cf50bc31ce09f19498791ecd17532cce) Importer(815301076,1909f56bfc062723c751e8b465ee728b)  -> (artifact id: 'd2cae542b8f940b9116587f68d5ee121') in 0.011969 seconds 
  Import took 0.015540 seconds .

========================================================================
Received Import Request.
  Time since last request: 0.000238 seconds.
  path: Assets/Infima Games/Low Poly Shooter Pack - Free Sample/Scenes/S_Content_Overview/Lightmap-32_comp_light.exr
  artifactKey: Guid(ecf7f2a8500867e4489171b05119a3fa) Importer(815301076,1909f56bfc062723c751e8b465ee728b)
Start importing Assets/Infima Games/Low Poly Shooter Pack - Free Sample/Scenes/S_Content_Overview/Lightmap-32_comp_light.exr using Guid(ecf7f2a8500867e4489171b05119a3fa) Importer(815301076,1909f56bfc062723c751e8b465ee728b)  -> (artifact id: 'f164aedc1ae8cece378d580fc40d6450') in 0.009988 seconds 
  Import took 0.013416 seconds .

========================================================================
Received Import Request.
  Time since last request: 0.000228 seconds.
  path: Assets/Infima Games/Low Poly Shooter Pack - Free Sample/Scenes/S_Content_Overview/Lightmap-9_comp_light.exr
  artifactKey: Guid(c066a9a709c017145a056fb0508a468e) Importer(815301076,1909f56bfc062723c751e8b465ee728b)
Start importing Assets/Infima Games/Low Poly Shooter Pack - Free Sample/Scenes/S_Content_Overview/Lightmap-9_comp_light.exr using Guid(c066a9a709c017145a056fb0508a468e) Importer(815301076,1909f56bfc062723c751e8b465ee728b)  -> (artifact id: '5f38f252274e2cfaac4b2498918bb981') in 0.011245 seconds 
  Import took 0.014539 seconds .

========================================================================
Received Import Request.
  Time since last request: 0.000222 seconds.
  path: Assets/Infima Games/Low Poly Shooter Pack - Free Sample/Scenes/S_Content_Overview/Lightmap-22_comp_light.exr
  artifactKey: Guid(16a7278a31d256a4a81f9a8871b8f20f) Importer(815301076,1909f56bfc062723c751e8b465ee728b)
Start importing Assets/Infima Games/Low Poly Shooter Pack - Free Sample/Scenes/S_Content_Overview/Lightmap-22_comp_light.exr using Guid(16a7278a31d256a4a81f9a8871b8f20f) Importer(815301076,1909f56bfc062723c751e8b465ee728b)  -> (artifact id: '4697df9e50003fcabb14678d25bff9d8') in 0.010372 seconds 
  Import took 0.013678 seconds .

========================================================================
Received Import Request.
  Time since last request: 0.000227 seconds.
  path: Assets/Infima Games/Low Poly Shooter Pack - Free Sample/Scenes/S_Content_Overview/Lightmap-35_comp_light.exr
  artifactKey: Guid(ea5dd1a53b21fe9459218b606501b0d1) Importer(815301076,1909f56bfc062723c751e8b465ee728b)
Start importing Assets/Infima Games/Low Poly Shooter Pack - Free Sample/Scenes/S_Content_Overview/Lightmap-35_comp_light.exr using Guid(ea5dd1a53b21fe9459218b606501b0d1) Importer(815301076,1909f56bfc062723c751e8b465ee728b)  -> (artifact id: '7640236e7e74af146b502e80a25eb994') in 0.010120 seconds 
  Import took 0.013855 seconds .

========================================================================
Received Import Request.
  Time since last request: 0.000265 seconds.
  path: Assets/Infima Games/Low Poly Shooter Pack - Free Sample/Scenes/S_Content_Overview/Lightmap-20_comp_light.exr
  artifactKey: Guid(dbdc781edbab47844aca292e7dd3e5af) Importer(815301076,1909f56bfc062723c751e8b465ee728b)
Start importing Assets/Infima Games/Low Poly Shooter Pack - Free Sample/Scenes/S_Content_Overview/Lightmap-20_comp_light.exr using Guid(dbdc781edbab47844aca292e7dd3e5af) Importer(815301076,1909f56bfc062723c751e8b465ee728b)  -> (artifact id: 'd5b29faec33dc4cba166604361d07e02') in 0.010631 seconds 
  Import took 0.013932 seconds .

========================================================================
Received Import Request.
  Time since last request: 0.000208 seconds.
  path: Assets/Infima Games/Low Poly Shooter Pack - Free Sample/Scenes/S_Content_Overview/Lightmap-25_comp_light.exr
  artifactKey: Guid(575b0687fcce4c84db3c4639bc759701) Importer(815301076,1909f56bfc062723c751e8b465ee728b)
Start importing Assets/Infima Games/Low Poly Shooter Pack - Free Sample/Scenes/S_Content_Overview/Lightmap-25_comp_light.exr using Guid(575b0687fcce4c84db3c4639bc759701) Importer(815301076,1909f56bfc062723c751e8b465ee728b)  -> (artifact id: 'f99adb5cef0a10bb7b51d7dd9bf31fe5') in 0.010373 seconds 
  Import took 0.014056 seconds .

========================================================================
Received Import Request.
  Time since last request: 0.000188 seconds.
  path: Assets/Infima Games/Low Poly Shooter Pack - Free Sample/Scenes/S_Content_Overview/Lightmap-28_comp_light.exr
  artifactKey: Guid(9c51dd12368e2584c9caa3fa0497ff4f) Importer(815301076,1909f56bfc062723c751e8b465ee728b)
Start importing Assets/Infima Games/Low Poly Shooter Pack - Free Sample/Scenes/S_Content_Overview/Lightmap-28_comp_light.exr using Guid(9c51dd12368e2584c9caa3fa0497ff4f) Importer(815301076,1909f56bfc062723c751e8b465ee728b)  -> (artifact id: 'ba5d964d27d911effb8defeaac9896d2') in 0.012238 seconds 
  Import took 0.015356 seconds .

========================================================================
Received Import Request.
  Time since last request: 0.000206 seconds.
  path: Assets/Infima Games/Low Poly Shooter Pack - Free Sample/Scenes/S_Content_Overview/Lightmap-1_comp_light.exr
  artifactKey: Guid(8533f83c655dedd42986eecc364f9f4a) Importer(815301076,1909f56bfc062723c751e8b465ee728b)
Start importing Assets/Infima Games/Low Poly Shooter Pack - Free Sample/Scenes/S_Content_Overview/Lightmap-1_comp_light.exr using Guid(8533f83c655dedd42986eecc364f9f4a) Importer(815301076,1909f56bfc062723c751e8b465ee728b)  -> (artifact id: '8f71b9c9aebbfe03f7bb287aa4cb76ef') in 0.012916 seconds 
  Import took 0.016134 seconds .

========================================================================
Received Import Request.
  Time since last request: 0.000204 seconds.
  path: Assets/Infima Games/Low Poly Shooter Pack - Free Sample/Scenes/S_Content_Overview/Lightmap-7_comp_light.exr
  artifactKey: Guid(ab4123d88e0864d42a409d5fc32b9a13) Importer(815301076,1909f56bfc062723c751e8b465ee728b)
Start importing Assets/Infima Games/Low Poly Shooter Pack - Free Sample/Scenes/S_Content_Overview/Lightmap-7_comp_light.exr using Guid(ab4123d88e0864d42a409d5fc32b9a13) Importer(815301076,1909f56bfc062723c751e8b465ee728b)  -> (artifact id: 'f10f973ef79c8e1a9a06053090052fc7') in 0.013556 seconds 
  Import took 0.016806 seconds .

========================================================================
Received Import Request.
  Time since last request: 0.000207 seconds.
  path: Assets/Infima Games/Low Poly Shooter Pack - Free Sample/Scenes/S_Content_Overview/Lightmap-16_comp_light.exr
  artifactKey: Guid(f4933a3f5a4498440a5165f9b84683ba) Importer(815301076,1909f56bfc062723c751e8b465ee728b)
Start importing Assets/Infima Games/Low Poly Shooter Pack - Free Sample/Scenes/S_Content_Overview/Lightmap-16_comp_light.exr using Guid(f4933a3f5a4498440a5165f9b84683ba) Importer(815301076,1909f56bfc062723c751e8b465ee728b)  -> (artifact id: '6e607777c55044dab9c746fcd407e2b8') in 0.012647 seconds 
  Import took 0.015906 seconds .

========================================================================
Received Import Request.
  Time since last request: 0.000150 seconds.
  path: Assets/Infima Games/Low Poly Shooter Pack - Free Sample/Scenes/S_Content_Overview/Lightmap-19_comp_light.exr
  artifactKey: Guid(cf00cffaa0d8145438dca5042d29d6d4) Importer(815301076,1909f56bfc062723c751e8b465ee728b)
Start importing Assets/Infima Games/Low Poly Shooter Pack - Free Sample/Scenes/S_Content_Overview/Lightmap-19_comp_light.exr using Guid(cf00cffaa0d8145438dca5042d29d6d4) Importer(815301076,1909f56bfc062723c751e8b465ee728b)  -> (artifact id: 'df823ce7d1fca3f4016e2428021e7e20') in 0.012355 seconds 
  Import took 0.015674 seconds .

========================================================================
Received Import Request.
  Time since last request: 0.000163 seconds.
  path: Assets/Infima Games/Low Poly Shooter Pack - Free Sample/Scenes/S_Content_Overview/Lightmap-49_comp_light.exr
  artifactKey: Guid(135dcdcf7b068e041a0a2b1a97cc5a97) Importer(815301076,1909f56bfc062723c751e8b465ee728b)
Start importing Assets/Infima Games/Low Poly Shooter Pack - Free Sample/Scenes/S_Content_Overview/Lightmap-49_comp_light.exr using Guid(135dcdcf7b068e041a0a2b1a97cc5a97) Importer(815301076,1909f56bfc062723c751e8b465ee728b)  -> (artifact id: 'd3c30c98208a5c9372df0d78819bdd2e') in 0.010251 seconds 
  Import took 0.013474 seconds .

========================================================================
Received Prepare
Registering precompiled user dll's ...
Registered in 0.007568 seconds.
Begin MonoManager ReloadAssembly
Native extension for WindowsStandalone target not found
Native extension for WebGL target not found
Refreshing native plugins compatible for Editor in 0.52 ms, found 2 plugins.
Preloading 0 native plugins for Editor in 0.00 ms.
Mono: successfully reloaded assembly
- Completed reload, in  1.116 seconds
Domain Reload Profiling:
	ReloadAssembly (1116ms)
		BeginReloadAssembly (123ms)
			ExecutionOrderSort (0ms)
			DisableScriptedObjects (5ms)
			BackupInstance (0ms)
			ReleaseScriptingObjects (0ms)
			CreateAndSetChildDomain (36ms)
		EndReloadAssembly (935ms)
			LoadAssemblies (83ms)
			RebuildTransferFunctionScriptingTraits (0ms)
			SetupTypeCache (281ms)
			ReleaseScriptCaches (1ms)
			RebuildScriptCaches (33ms)
			SetupLoadedEditorAssemblies (435ms)
				LogAssemblyErrors (0ms)
				InitializePlatformSupportModulesInManaged (5ms)
				SetLoadedEditorAssemblies (0ms)
				RefreshPlugins (1ms)
				BeforeProcessingInitializeOnLoad (71ms)
				ProcessInitializeOnLoadAttributes (345ms)
				ProcessInitializeOnLoadMethodAttributes (6ms)
				AfterProcessingInitializeOnLoad (7ms)
				EditorAssembliesLoaded (0ms)
			ExecutionOrderSort2 (0ms)
			AwakeInstancesAfterBackupRestoration (6ms)
Platform modules already initialized, skipping
Refreshing native plugins compatible for Editor in 0.54 ms, found 2 plugins.
Preloading 0 native plugins for Editor in 0.00 ms.
Unloading 2317 Unused Serialized files (Serialized files now loaded: 0)
System memory in use before: 112.9 MB.
System memory in use after: 113.1 MB.

Unloading 23 unused Assets to reduce memory usage. Loaded Objects now: 2799.
Total: 3.483400 ms (FindLiveObjects: 0.202700 ms CreateObjectMapping: 0.091400 ms MarkObjects: 3.166300 ms  DeleteObjects: 0.021500 ms)

AssetImportParameters requested are different than current active one (requested -> active):
  custom:framework-win-MediaFoundation: 216162199b28c13a410421893ffa2e32 -> 
  custom:video-decoder-ogg-theora: a1e56fd34408186e4bbccfd4996cb3dc -> 
  custom:container-muxer-webm: aa71ff27fc2769a1b78a27578f13a17b -> 
  custom:container-demuxer-webm: 4f35f7cbe854078d1ac9338744f61a02 -> 
  custom:container-demuxer-ogg: 62fdf1f143b41e24485cea50d1cbac27 -> 
  custom:video-encoder-webm-vp8: eb34c28f22e8b96e1ab97ce403110664 -> 
  custom:video-decoder-webm-vp8: 9c59270c3fd7afecdb556c50c9e8de78 -> 
  custom:audio-decoder-ogg-vorbis: bf7c407c2cedff20999df2af8eb42d56 -> 
  custom:audio-encoder-webm-vorbis: bf7c407c2cedff20999df2af8eb42d56 -> 
AssetImportWorkerClient::OnTransportError - code=2 error=End of file
